2015-03-11 12:49:13,572 [5] Orchard.Data.Migration.DataMigrationManager - Default - Error while running migration version 0 for Orchard.Workflows
 http://localhost:38196/
System.Reflection.TargetInvocationException: Exception has been thrown by the target of an invocation. ---> System.Data.SqlClient.SqlException: A transport-level error has occurred when receiving results from the server. (provider: TCP Provider, error: 0 - The specified network name is no longer available.) ---> System.ComponentModel.Win32Exception: The specified network name is no longer available
   --- End of inner exception stack trace ---
   at System.Data.SqlClient.SqlConnection.OnError(SqlException exception, Boolean breakConnection, Action`1 wrapCloseInAction)
   at System.Data.SqlClient.SqlInternalConnection.OnError(SqlException exception, Boolean breakConnection, Action`1 wrapCloseInAction)
   at System.Data.SqlClient.TdsParser.ThrowExceptionAndWarning(TdsParserStateObject stateObj, Boolean callerHasConnectionLock, Boolean asyncClose)
   at System.Data.SqlClient.TdsParserStateObject.ReadSniError(TdsParserStateObject stateObj, UInt32 error)
   at System.Data.SqlClient.TdsParserStateObject.ReadSniSyncOverAsync()
   at System.Data.SqlClient.TdsParserStateObject.TryReadNetworkPacket()
   at System.Data.SqlClient.TdsParserStateObject.TryPrepareBuffer()
   at System.Data.SqlClient.TdsParserStateObject.TryReadByte(Byte& value)
   at System.Data.SqlClient.TdsParser.TryRun(RunBehavior runBehavior, SqlCommand cmdHandler, SqlDataReader dataStream, BulkCopySimpleResultSet bulkCopyHandler, TdsParserStateObject stateObj, Boolean& dataReady)
   at System.Data.SqlClient.SqlCommand.RunExecuteNonQueryTds(String methodName, Boolean async, Int32 timeout, Boolean asyncWrite)
   at System.Data.SqlClient.SqlCommand.InternalExecuteNonQuery(TaskCompletionSource`1 completion, String methodName, Boolean sendToPipe, Int32 timeout, Boolean asyncWrite)
   at System.Data.SqlClient.SqlCommand.ExecuteNonQuery()
   at Orchard.Data.Migration.Interpreters.DefaultDataMigrationInterpreter.RunPendingStatements() in z:\Builds\work\d1eb156ccc3cb14\src\Orchard\Data\Migration\Interpreters\DefaultDataMigrationInterpreter.cs:line 336
   at Orchard.Data.Migration.Interpreters.DefaultDataMigrationInterpreter.Visit(CreateTableCommand command) in z:\Builds\work\d1eb156ccc3cb14\src\Orchard\Data\Migration\Interpreters\DefaultDataMigrationInterpreter.cs:line 92
   at Orchard.Data.Migration.Interpreters.AbstractDataMigrationInterpreter.Visit(ISchemaBuilderCommand command) in z:\Builds\work\d1eb156ccc3cb14\src\Orchard\Data\Migration\Interpreters\AbstractDataMigrationInterpreter.cs:line 14
   at Orchard.Data.Migration.Schema.SchemaBuilder.CreateTable(String name, Action`1 table) in z:\Builds\work\d1eb156ccc3cb14\src\Orchard\Data\Migration\Schema\SchemaBuilder.cs:line 31
   at Orchard.Workflows.Migrations.Create()
   --- End of inner exception stack trace ---
   at System.RuntimeMethodHandle.InvokeMethod(Object target, Object[] arguments, Signature sig, Boolean constructor)
   at System.Reflection.RuntimeMethodInfo.UnsafeInvokeInternal(Object obj, Object[] parameters, Object[] arguments)
   at System.Reflection.RuntimeMethodInfo.Invoke(Object obj, BindingFlags invokeAttr, Binder binder, Object[] parameters, CultureInfo culture)
   at Orchard.Data.Migration.DataMigrationManager.Update(String feature) in z:\Builds\work\d1eb156ccc3cb14\src\Orchard\Data\Migration\DataMigrationManager.cs:line 113
2015-03-11 12:49:14,268 [5] NHibernate.AdoNet.AbstractBatcher - Default - Could not execute query: select shellstate0_.Id as Id240_, shellstate0_.Unused as Unused240_ from orc1_Settings_ShellStateRecord shellstate0_ where shellstate0_.Id is not null
 http://localhost:38196/
System.InvalidOperationException: ExecuteReader requires an open and available Connection. The connection's current state is closed.
   at System.Data.SqlClient.SqlCommand.ValidateCommand(String method, Boolean async)
   at System.Data.SqlClient.SqlCommand.RunExecuteReader(CommandBehavior cmdBehavior, RunBehavior runBehavior, Boolean returnStream, String method, TaskCompletionSource`1 completion, Int32 timeout, Task& task, Boolean asyncWrite)
   at System.Data.SqlClient.SqlCommand.RunExecuteReader(CommandBehavior cmdBehavior, RunBehavior runBehavior, Boolean returnStream, String method)
   at System.Data.SqlClient.SqlCommand.ExecuteReader(CommandBehavior behavior, String method)
   at System.Data.SqlClient.SqlCommand.ExecuteDbDataReader(CommandBehavior behavior)
   at System.Data.Common.DbCommand.System.Data.IDbCommand.ExecuteReader()
   at NHibernate.AdoNet.AbstractBatcher.ExecuteReader(IDbCommand cmd) in c:\Users\sebros\Documents\My Projects\nhibernate-core\src\NHibernate\AdoNet\AbstractBatcher.cs:line 223
2015-03-11 12:49:14,597 [5] NHibernate.Util.ADOExceptionReporter - Default - ExecuteReader requires an open and available Connection. The connection's current state is closed.
 http://localhost:38196/
2015-03-11 12:49:14,599 [5] NHibernate.Util.ADOExceptionReporter - Default - ExecuteReader requires an open and available Connection. The connection's current state is closed.
 http://localhost:38196/
2015-03-11 12:49:14,601 [5] NHibernate.Util.ADOExceptionReporter - Default - ExecuteReader requires an open and available Connection. The connection's current state is closed.
 http://localhost:38196/
2015-03-11 12:49:14,603 [5] Orchard.Exceptions.DefaultExceptionPolicy - Default - An unexpected exception was caught
 http://localhost:38196/
NHibernate.Exceptions.GenericADOException: could not execute query
[ select shellstate0_.Id as Id240_, shellstate0_.Unused as Unused240_ from orc1_Settings_ShellStateRecord shellstate0_ where shellstate0_.Id is not null ]
[SQL: select shellstate0_.Id as Id240_, shellstate0_.Unused as Unused240_ from orc1_Settings_ShellStateRecord shellstate0_ where shellstate0_.Id is not null] ---> System.InvalidOperationException: ExecuteReader requires an open and available Connection. The connection's current state is closed.
   at System.Data.SqlClient.SqlCommand.ValidateCommand(String method, Boolean async)
   at System.Data.SqlClient.SqlCommand.RunExecuteReader(CommandBehavior cmdBehavior, RunBehavior runBehavior, Boolean returnStream, String method, TaskCompletionSource`1 completion, Int32 timeout, Task& task, Boolean asyncWrite)
   at System.Data.SqlClient.SqlCommand.RunExecuteReader(CommandBehavior cmdBehavior, RunBehavior runBehavior, Boolean returnStream, String method)
   at System.Data.SqlClient.SqlCommand.ExecuteReader(CommandBehavior behavior, String method)
   at System.Data.SqlClient.SqlCommand.ExecuteDbDataReader(CommandBehavior behavior)
   at System.Data.Common.DbCommand.System.Data.IDbCommand.ExecuteReader()
   at NHibernate.AdoNet.AbstractBatcher.ExecuteReader(IDbCommand cmd) in c:\Users\sebros\Documents\My Projects\nhibernate-core\src\NHibernate\AdoNet\AbstractBatcher.cs:line 229
   at NHibernate.Loader.Loader.GetResultSet(IDbCommand st, Boolean autoDiscoverTypes, Boolean callable, RowSelection selection, ISessionImplementor session) in c:\Users\sebros\Documents\My Projects\nhibernate-core\src\NHibernate\Loader\Loader.cs:line 1224
   at NHibernate.Loader.Loader.DoQuery(ISessionImplementor session, QueryParameters queryParameters, Boolean returnProxies) in c:\Users\sebros\Documents\My Projects\nhibernate-core\src\NHibernate\Loader\Loader.cs:line 419
   at NHibernate.Loader.Loader.DoQueryAndInitializeNonLazyCollections(ISessionImplementor session, QueryParameters queryParameters, Boolean returnProxies) in c:\Users\sebros\Documents\My Projects\nhibernate-core\src\NHibernate\Loader\Loader.cs:line 251
   at NHibernate.Loader.Loader.DoList(ISessionImplementor session, QueryParameters queryParameters) in c:\Users\sebros\Documents\My Projects\nhibernate-core\src\NHibernate\Loader\Loader.cs:line 1564
   --- End of inner exception stack trace ---
   at NHibernate.Loader.Loader.DoList(ISessionImplementor session, QueryParameters queryParameters) in c:\Users\sebros\Documents\My Projects\nhibernate-core\src\NHibernate\Loader\Loader.cs:line 1571
   at NHibernate.Loader.Loader.ListIgnoreQueryCache(ISessionImplementor session, QueryParameters queryParameters) in c:\Users\sebros\Documents\My Projects\nhibernate-core\src\NHibernate\Loader\Loader.cs:line 1472
   at NHibernate.Loader.Loader.List(ISessionImplementor session, QueryParameters queryParameters, ISet`1 querySpaces, IType[] resultTypes) in c:\Users\sebros\Documents\My Projects\nhibernate-core\src\NHibernate\Loader\Loader.cs:line 1465
   at NHibernate.Hql.Ast.ANTLR.Loader.QueryLoader.List(ISessionImplementor session, QueryParameters queryParameters) in c:\Users\sebros\Documents\My Projects\nhibernate-core\src\NHibernate\Hql\Ast\ANTLR\Loader\QueryLoader.cs:line 288
   at NHibernate.Hql.Ast.ANTLR.QueryTranslatorImpl.List(ISessionImplementor session, QueryParameters queryParameters) in c:\Users\sebros\Documents\My Projects\nhibernate-core\src\NHibernate\Hql\Ast\ANTLR\QueryTranslatorImpl.cs:line 109
   at NHibernate.Engine.Query.HQLQueryPlan.PerformList(QueryParameters queryParameters, ISessionImplementor session, IList results) in c:\Users\sebros\Documents\My Projects\nhibernate-core\src\NHibernate\Engine\Query\HQLQueryPlan.cs:line 89
   at NHibernate.Impl.SessionImpl.List(IQueryExpression queryExpression, QueryParameters queryParameters, IList results) in c:\Users\sebros\Documents\My Projects\nhibernate-core\src\NHibernate\Impl\SessionImpl.cs:line 659
   at NHibernate.Impl.AbstractSessionImpl.List(IQueryExpression queryExpression, QueryParameters parameters) in c:\Users\sebros\Documents\My Projects\nhibernate-core\src\NHibernate\Impl\AbstractSessionImpl.cs:line 92
   at NHibernate.Impl.ExpressionQueryImpl.List() in c:\Users\sebros\Documents\My Projects\nhibernate-core\src\NHibernate\Impl\ExpressionQueryImpl.cs:line 58
   at NHibernate.Linq.DefaultQueryProvider.ExecuteQuery(NhLinqExpression nhLinqExpression, IQuery query, NhLinqExpression nhQuery) in c:\Users\sebros\Documents\My Projects\nhibernate-core\src\NHibernate\Linq\DefaultQueryProvider.cs:line 103
   at NHibernate.Linq.DefaultQueryProvider.Execute(Expression expression) in c:\Users\sebros\Documents\My Projects\nhibernate-core\src\NHibernate\Linq\DefaultQueryProvider.cs:line 35
   at NHibernate.Linq.DefaultQueryProvider.Execute[TResult](Expression expression) in c:\Users\sebros\Documents\My Projects\nhibernate-core\src\NHibernate\Linq\DefaultQueryProvider.cs:line 40
   at System.Linq.Queryable.SingleOrDefault[TSource](IQueryable`1 source)
   at Orchard.Data.Repository`1.Get(Expression`1 predicate) in z:\Builds\work\d1eb156ccc3cb14\src\Orchard\Data\Repository.cs:line 91
   at Orchard.Data.Repository`1.Orchard.Data.IRepository<T>.Get(Expression`1 predicate) in z:\Builds\work\d1eb156ccc3cb14\src\Orchard\Data\Repository.cs:line 60
   at Orchard.Core.Settings.State.ShellStateManager.FeatureRecord(String name) in z:\Builds\work\d1eb156ccc3cb14\src\Orchard.Web\Core\Settings\State\ShellStateManager.cs:line 43
   at Orchard.Core.Settings.State.ShellStateManager.UpdateInstalledState(ShellFeatureState featureState, State value) in z:\Builds\work\d1eb156ccc3cb14\src\Orchard.Web\Core\Settings\State\ShellStateManager.cs:line 70
   at Orchard.Environment.State.ShellStateCoordinator.Orchard.Environment.State.IShellStateManagerEventHandler.ApplyChanges() in z:\Builds\work\d1eb156ccc3cb14\src\Orchard\Environment\State\ShellStateCoordinator.cs:line 179
   at Orchard.Events.DelegateHelper.<>c__DisplayClass28`1.<BuildAction>b__27(Object target, Object[] p) in z:\Builds\work\d1eb156ccc3cb14\src\Orchard\Events\DelegateHelper.cs:line 110
   at Orchard.Events.DefaultOrchardEventBus.TryInvokeMethod(IEventHandler eventHandler, Type interfaceType, String messageName, String interfaceName, String methodName, IDictionary`2 arguments, IEnumerable& returnValue) in z:\Builds\work\d1eb156ccc3cb14\src\Orchard\Events\DefaultOrchardEventBus.cs:line 80
   at Orchard.Events.DefaultOrchardEventBus.TryNotifyHandler(IEventHandler eventHandler, String messageName, String interfaceName, String methodName, IDictionary`2 eventData, IEnumerable& returnValue) in z:\Builds\work\d1eb156ccc3cb14\src\Orchard\Events\DefaultOrchardEventBus.cs:line 53
2015-03-11 12:49:15,808 [5] NHibernate.Util.ADOExceptionReporter - Default - While preparing SELECT this_.Id as Id271_2_, this_.Number as Number271_2_, this_.Published as Published271_2_, this_.Latest as Latest271_2_, this_.Data as Data271_2_, this_.ContentItemRecord_id as ContentI6_271_2_, contentite1_.Id as Id270_0_, contentite1_.Data as Data270_0_, contentite1_.ContentType_id as ContentT3_270_0_, contenttyp4_.Id as Id272_1_, contenttyp4_.Name as Name272_1_ FROM orc1_Orchard_Framework_ContentItemVersionRecord this_ inner join orc1_Orchard_Framework_ContentItemRecord contentite1_ on this_.ContentItemRecord_id=contentite1_.Id left outer join orc1_Orchard_Framework_ContentTypeRecord contenttyp4_ on contentite1_.ContentType_id=contenttyp4_.Id WHERE contentite1_.Id = @p0 and this_.Published = @p1 an error occurred
 http://localhost:38196/
2015-03-11 12:49:15,809 [5] NHibernate.Util.ADOExceptionReporter - Default - Prepare requires an open and available Connection. The conn